[debug] [2018-04-19T07:49:38.722Z] ----------------------------------------------------------------------
[debug] [2018-04-19T07:49:38.725Z] Command:       /usr/local/bin/node /usr/local/bin/firebase login
[debug] [2018-04-19T07:49:38.725Z] CLI Version:   3.13.1
[debug] [2018-04-19T07:49:38.725Z] Platform:      darwin
[debug] [2018-04-19T07:49:38.725Z] Node Version:  v6.2.2
[debug] [2018-04-19T07:49:38.726Z] Time:          Thu Apr 19 2018 13:19:38 GMT+0530 (IST)
[debug] [2018-04-19T07:49:38.726Z] ----------------------------------------------------------------------
[debug] 
[info] 
[info] Visit this URL on any device to log in:
[info] https://accounts.google.com/o/oauth2/auth?client_id=563584335869-fgrhgmd47bqnekij5i8b5pr03ho849e6.apps.googleusercontent.com&scope=email%20openid%20https%3A%2F%2Fwww.googleapis.com%2Fauth%2Fcloudplatformprojects.readonly%20https%3A%2F%2Fwww.googleapis.com%2Fauth%2Ffirebase%20https%3A%2F%2Fwww.googleapis.com%2Fauth%2Fcloud-platform&response_type=code&state=93153084&redirect_uri=http%3A%2F%2Flocalhost%3A9005
[info] 
[info] Waiting for authentication...
[debug] [2018-04-19T07:49:47.474Z] >>> HTTP REQUEST POST https://accounts.google.com/o/oauth2/token { code: '4/AABbqaNQ9yNE25i1Y9k667PaWSnOLO15NNivEZ29eMKWmykPj7xlQFaRag-1xLMa9L5JD2uiOrfPYJidzpRWdxk',
  client_id: '563584335869-fgrhgmd47bqnekij5i8b5pr03ho849e6.apps.googleusercontent.com',
  client_secret: 'j9iVZfS8kkCEFUPaAeJV0sAi',
  redirect_uri: 'http://localhost:9005',
  grant_type: 'authorization_code' } 
 Thu Apr 19 2018 13:19:47 GMT+0530 (IST)
[debug] [2018-04-19T07:49:47.529Z] Token Fetch Error: Error
    at Error.FirebaseError (/usr/local/lib/node_modules/firebase-tools/lib/error.js:11:17)
    at Request._callback (/usr/local/lib/node_modules/firebase-tools/lib/api.js:32:23)
    at self.callback (/usr/local/lib/node_modules/firebase-tools/node_modules/request/request.js:186:22)
    at emitOne (events.js:96:13)
    at Request.emit (events.js:188:7)
    at Request.onRequestError (/usr/local/lib/node_modules/firebase-tools/node_modules/request/request.js:878:8)
    at emitOne (events.js:96:13)
    at ClientRequest.emit (events.js:188:7)
    at TLSSocket.socketErrorListener (_http_client.js:308:9)
    at emitOne (events.js:96:13)
